<?xml version="1.0" encoding="UTF-8"?>
<mission>
  <name>heuristics-test-1</name>
  <description/>
  <organization_model>http://www.rock-robotics.org/2017/11/vrp</organization_model>
  <resources>
    <resource>
      <model>http://www.rock-robotics.org/2017/11/vrp#Vehicle</model>
      <maxCardinality>5</maxCardinality>
    </resource>
  </resources>
  <overrides>
    <override>
      <subject>http://www.rock-robotics.org/2017/11/vrp#Vehicle</subject>
      <property>http://www.rock-robotics.org/2014/01/om-schema#nominalVelocity</property>
      <value>2</value>
    </override>
  </overrides>
  <constants>
    <location>
      <id>l3</id>
      <x>1000</x>
      <y>1000</y>
      <z>0</z>
    </location>
    <location>
      <id>l4</id>
      <x>-1000</x>
      <y>0</y>
      <z>0</z>
    </location>
    <location>
      <id>l1</id>
      <x>0</x>
      <y>0</y>
      <z>0</z>
    </location>
    <location>
      <id>l7</id>
      <x>2500</x>
      <y>1000</y>
      <z>0</z>
    </location>
    <location>
      <id>l2</id>
      <x>1000</x>
      <y>0</y>
      <z>0</z>
    </location>
    <location>
      <id>l6</id>
      <x>-1000</x>
      <y>-1000</y>
      <z>0</z>
    </location>
    <location>
      <id>l5</id>
      <x>0</x>
      <y>-1000</y>
      <z>0</z>
    </location>
    <location>
      <id>l9</id>
      <x>1000</x>
      <y>-300</y>
      <z>0</z>
    </location>
    <location>
      <id>l10</id>
      <x>-2000</x>
      <y>2000</y>
      <z>0</z>
    </location>
    <location>
      <id>l8</id>
      <x>500</x>
      <y>750</y>
      <z>0</z>
    </location>
  </constants>
  <requirements>
    <requirement id="0">
      <spatial-requirement>
        <location>
          <id>l1</id>
        </location>
      </spatial-requirement>
      <temporal-requirement>
        <from>t1</from>
        <to>t2</to>
      </temporal-requirement>
      <resource-requirement>
        <resource>
          <model>http://www.rock-robotics.org/2017/11/vrp#Vehicle</model>
          <minCardinality>5</minCardinality>
        </resource>
      </resource-requirement>
    </requirement>
    <requirement id="1">
      <spatial-requirement>
        <location>
          <id>l3</id>
        </location>
      </spatial-requirement>
      <temporal-requirement>
        <from>t3</from>
        <to>t5</to>
      </temporal-requirement>
      <resource-requirement>
        <resource>
          <model>http://www.rock-robotics.org/2017/11/vrp#Vehicle</model>
          <minCardinality>2</minCardinality>
        </resource>
      </resource-requirement>
    </requirement>
    <requirement id="2">
      <spatial-requirement>
        <location>
          <id>l6</id>
        </location>
      </spatial-requirement>
      <temporal-requirement>
        <from>t4</from>
        <to>t6</to>
      </temporal-requirement>
      <resource-requirement>
        <resource>
          <model>http://www.rock-robotics.org/2017/11/vrp#Vehicle</model>
          <minCardinality>1</minCardinality>
        </resource>
      </resource-requirement>
    </requirement>
  </requirements>
  <constraints>
    <temporal-constraints>
      <lessThan lval="t2" rval="t3"/>
      <lessThan lval="t3" rval="t4"/>
      <lessThan lval="t4" rval="t5"/>
      <lessThan lval="t5" rval="t6"/>
      <lessThan lval="t6" rval="t7"/>
      <lessThan lval="t7" rval="t8"/>
      <lessThan lval="t8" rval="t9"/>
      <lessThan lval="t9" rval="t10"/>
    </temporal-constraints>
    <model-constraints/>
  </constraints>
</mission>
